# JRE version: Java(TM) SE Runtime Environment (8.0_191-b12) (build 1.8.0_191-b12)
# Java VM: Java HotSpot(TM) Client VM (25.191-b12 mixed mode windows-x86 )
Heap:
 def new generation   total 71424K, used 58006K [0x05400000, 0x0a180000, 0x0fea0000)
  eden space 63488K,  90% used [0x05400000, 0x08c461b0, 0x09200000)
  from space 7936K,   4% used [0x099c0000, 0x09a1f970, 0x0a180000)
  to   space 7936K,   0% used [0x09200000, 0x09200000, 0x099c0000)
 tenured generation   total 158628K, used 86021K [0x0fea0000, 0x19989000, 0x25400000)
   the space 158628K,  54% used [0x0fea0000, 0x152a14d8, 0x152a1600, 0x19989000)
 Metaspace       used 25236K, capacity 25776K, committed 25984K, reserved 25984K
GC Heap History (10 events):
Event: 133589.524 GC heap before
{Heap before GC invocations=4696 (full 4):
 def new generation   total 71424K, used 63784K [0x05400000, 0x0a180000, 0x0fea0000)
  eden space 63488K, 100% used [0x05400000, 0x09200000, 0x09200000)
  from space 7936K,   3% used [0x09200000, 0x0924a148, 0x099c0000)
  to   space 7936K,   0% used [0x099c0000, 0x099c0000, 0x0a180000)
 tenured generation   total 158628K, used 85999K [0x0fea0000, 0x19989000, 0x25400000)
   the space 158628K,  54% used [0x0fea0000, 0x1529bf58, 0x1529c000, 0x19989000)
 Metaspace       used 25236K, capacity 25776K, committed 25984K, reserved 25984K
Event: 133589.525 GC heap after
Heap after GC invocations=4697 (full 4):
 def new generation   total 71424K, used 329K [0x05400000, 0x0a180000, 0x0fea0000)
  eden space 63488K,   0% used [0x05400000, 0x05400000, 0x09200000)
  from space 7936K,   4% used [0x099c0000, 0x09a126d8, 0x0a180000)
  to   space 7936K,   0% used [0x09200000, 0x09200000, 0x099c0000)
 tenured generation   total 158628K, used 86003K [0x0fea0000, 0x19989000, 0x25400000)
   the space 158628K,  54% used [0x0fea0000, 0x1529cf18, 0x1529d000, 0x19989000)
 Metaspace       used 25236K, capacity 25776K, committed 25984K, reserved 25984K
}
Event: 134091.164 GC heap before
{Heap before GC invocations=4697 (full 4):
 def new generation   total 71424K, used 63817K [0x05400000, 0x0a180000, 0x0fea0000)
  eden space 63488K, 100% used [0x05400000, 0x09200000, 0x09200000)
  from space 7936K,   4% used [0x099c0000, 0x09a126d8, 0x0a180000)
  to   space 7936K,   0% used [0x09200000, 0x09200000, 0x099c0000)
 tenured generation   total 158628K, used 86003K [0x0fea0000, 0x19989000, 0x25400000)
   the space 158628K,  54% used [0x0fea0000, 0x1529cf18, 0x1529d000, 0x19989000)
 Metaspace       used 25236K, capacity 25776K, committed 25984K, reserved 25984K
Event: 134091.165 GC heap after
Heap after GC invocations=4698 (full 4):
 def new generation   total 71424K, used 304K [0x05400000, 0x0a180000, 0x0fea0000)
  eden space 63488K,   0% used [0x05400000, 0x05400000, 0x09200000)
  from space 7936K,   3% used [0x09200000, 0x0924c120, 0x099c0000)
  to   space 7936K,   0% used [0x099c0000, 0x099c0000, 0x0a180000)
 tenured generation   total 158628K, used 86006K [0x0fea0000, 0x19989000, 0x25400000)
   the space 158628K,  54% used [0x0fea0000, 0x1529dbd8, 0x1529dc00, 0x19989000)
 Metaspace       used 25236K, capacity 25776K, committed 25984K, reserved 25984K
}
Event: 134665.158 GC heap before
{Heap before GC invocations=4698 (full 4):
 def new generation   total 71424K, used 63792K [0x05400000, 0x0a180000, 0x0fea0000)
  eden space 63488K, 100% used [0x05400000, 0x09200000, 0x09200000)
  from space 7936K,   3% used [0x09200000, 0x0924c120, 0x099c0000)
  to   space 7936K,   0% used [0x099c0000, 0x099c0000, 0x0a180000)
 tenured generation   total 158628K, used 86006K [0x0fea0000, 0x19989000, 0x25400000)
   the space 158628K,  54% used [0x0fea0000, 0x1529dbd8, 0x1529dc00, 0x19989000)
 Metaspace       used 25236K, capacity 25776K, committed 25984K, reserved 25984K
Event: 134665.159 GC heap after
Heap after GC invocations=4699 (full 4):
 def new generation   total 71424K, used 311K [0x05400000, 0x0a180000, 0x0fea0000)
  eden space 63488K,   0% used [0x05400000, 0x05400000, 0x09200000)
  from space 7936K,   3% used [0x099c0000, 0x09a0dc48, 0x0a180000)
  to   space 7936K,   0% used [0x09200000, 0x09200000, 0x099c0000)
 tenured generation   total 158628K, used 86011K [0x0fea0000, 0x19989000, 0x25400000)
   the space 158628K,  54% used [0x0fea0000, 0x1529ecd8, 0x1529ee00, 0x19989000)
 Metaspace       used 25236K, capacity 25776K, committed 25984K, reserved 25984K
}
Event: 135210.218 GC heap before
{Heap before GC invocations=4699 (full 4):
 def new generation   total 71424K, used 63799K [0x05400000, 0x0a180000, 0x0fea0000)
  eden space 63488K, 100% used [0x05400000, 0x09200000, 0x09200000)
  from space 7936K,   3% used [0x099c0000, 0x09a0dc48, 0x0a180000)
  to   space 7936K,   0% used [0x09200000, 0x09200000, 0x099c0000)
 tenured generation   total 158628K, used 86011K [0x0fea0000, 0x19989000, 0x25400000)
   the space 158628K,  54% used [0x0fea0000, 0x1529ecd8, 0x1529ee00, 0x19989000)
 Metaspace       used 25236K, capacity 25776K, committed 25984K, reserved 25984K
Event: 135210.219 GC heap after
Heap after GC invocations=4700 (full 4):
 def new generation   total 71424K, used 318K [0x05400000, 0x0a180000, 0x0fea0000)
  eden space 63488K,   0% used [0x05400000, 0x05400000, 0x09200000)
  from space 7936K,   4% used [0x09200000, 0x0924f838, 0x099c0000)
  to   space 7936K,   0% used [0x099c0000, 0x099c0000, 0x0a180000)
 tenured generation   total 158628K, used 86015K [0x0fea0000, 0x19989000, 0x25400000)
   the space 158628K,  54% used [0x0fea0000, 0x1529fdb8, 0x1529fe00, 0x19989000)
 Metaspace       used 25236K, capacity 25776K, committed 25984K, reserved 25984K
}
Event: 135599.188 GC heap before
{Heap before GC invocations=4700 (full 4):
 def new generation   total 71424K, used 63806K [0x05400000, 0x0a180000, 0x0fea0000)
  eden space 63488K, 100% used [0x05400000, 0x09200000, 0x09200000)
  from space 7936K,   4% used [0x09200000, 0x0924f838, 0x099c0000)
  to   space 7936K,   0% used [0x099c0000, 0x099c0000, 0x0a180000)
 tenured generation   total 158628K, used 86015K [0x0fea0000, 0x19989000, 0x25400000)
   the space 158628K,  54% used [0x0fea0000, 0x1529fdb8, 0x1529fe00, 0x19989000)
 Metaspace       used 25236K, capacity 25776K, committed 25984K, reserved 25984K
Event: 135599.190 GC heap after
Heap after GC invocations=4701 (full 4):
 def new generation   total 71424K, used 382K [0x05400000, 0x0a180000, 0x0fea0000)
  eden space 63488K,   0% used [0x05400000, 0x05400000, 0x09200000)
  from space 7936K,   4% used [0x099c0000, 0x09a1f970, 0x0a180000)
  to   space 7936K,   0% used [0x09200000, 0x09200000, 0x099c0000)
 tenured generation   total 158628K, used 86021K [0x0fea0000, 0x19989000, 0x25400000)
   the space 158628K,  54% used [0x0fea0000, 0x152a14d8, 0x152a1600, 0x19989000)
 Metaspace       used 25236K, capacity 25776K, committed 25984K, reserved 25984K
}

