# JRE version: Java(TM) SE Runtime Environment (8.0_191-b12) (build 1.8.0_191-b12)
# Java VM: Java HotSpot(TM) Client VM (25.191-b12 mixed mode windows-x86 )
Heap:
 def new generation   total 70080K, used 18310K [0x04c00000, 0x09800000, 0x0f6a0000)
  eden space 62336K,  28% used [0x04c00000, 0x05d3aa20, 0x088e0000)
  from space 7744K,   8% used [0x09070000, 0x09117010, 0x09800000)
  to   space 7744K,   0% used [0x088e0000, 0x088e0000, 0x09070000)
 tenured generation   total 155504K, used 95326K [0x0f6a0000, 0x18e7c000, 0x24c00000)
   the space 155504K,  61% used [0x0f6a0000, 0x153b7878, 0x153b7a00, 0x18e7c000)
 Metaspace       used 25384K, capacity 25892K, committed 26112K, reserved 27008K
GC Heap History (10 events):
Event: 133974.723 GC heap before
{Heap before GC invocations=4731 (full 4):
 def new generation   total 70080K, used 62763K [0x04c00000, 0x09800000, 0x0f6a0000)
  eden space 62336K, 100% used [0x04c00000, 0x088e0000, 0x088e0000)
  from space 7744K,   5% used [0x088e0000, 0x0894ac90, 0x09070000)
  to   space 7744K,   0% used [0x09070000, 0x09070000, 0x09800000)
 tenured generation   total 155504K, used 95304K [0x0f6a0000, 0x18e7c000, 0x24c00000)
   the space 155504K,  61% used [0x0f6a0000, 0x153b21b0, 0x153b2200, 0x18e7c000)
 Metaspace       used 25384K, capacity 25892K, committed 26112K, reserved 27008K
Event: 133974.725 GC heap after
Heap after GC invocations=4732 (full 4):
 def new generation   total 70080K, used 395K [0x04c00000, 0x09800000, 0x0f6a0000)
  eden space 62336K,   0% used [0x04c00000, 0x04c00000, 0x088e0000)
  from space 7744K,   5% used [0x09070000, 0x090d2fa8, 0x09800000)
  to   space 7744K,   0% used [0x088e0000, 0x088e0000, 0x09070000)
 tenured generation   total 155504K, used 95308K [0x0f6a0000, 0x18e7c000, 0x24c00000)
   the space 155504K,  61% used [0x0f6a0000, 0x153b30f0, 0x153b3200, 0x18e7c000)
 Metaspace       used 25384K, capacity 25892K, committed 26112K, reserved 27008K
}
Event: 134389.587 GC heap before
{Heap before GC invocations=4732 (full 4):
 def new generation   total 70080K, used 62731K [0x04c00000, 0x09800000, 0x0f6a0000)
  eden space 62336K, 100% used [0x04c00000, 0x088e0000, 0x088e0000)
  from space 7744K,   5% used [0x09070000, 0x090d2fa8, 0x09800000)
  to   space 7744K,   0% used [0x088e0000, 0x088e0000, 0x09070000)
 tenured generation   total 155504K, used 95308K [0x0f6a0000, 0x18e7c000, 0x24c00000)
   the space 155504K,  61% used [0x0f6a0000, 0x153b30f0, 0x153b3200, 0x18e7c000)
 Metaspace       used 25384K, capacity 25892K, committed 26112K, reserved 27008K
Event: 134389.589 GC heap after
Heap after GC invocations=4733 (full 4):
 def new generation   total 70080K, used 404K [0x04c00000, 0x09800000, 0x0f6a0000)
  eden space 62336K,   0% used [0x04c00000, 0x04c00000, 0x088e0000)
  from space 7744K,   5% used [0x088e0000, 0x08945310, 0x09070000)
  to   space 7744K,   0% used [0x09070000, 0x09070000, 0x09800000)
 tenured generation   total 155504K, used 95312K [0x0f6a0000, 0x18e7c000, 0x24c00000)
   the space 155504K,  61% used [0x0f6a0000, 0x153b40d8, 0x153b4200, 0x18e7c000)
 Metaspace       used 25384K, capacity 25892K, committed 26112K, reserved 27008K
}
Event: 134969.075 GC heap before
{Heap before GC invocations=4733 (full 4):
 def new generation   total 70080K, used 62740K [0x04c00000, 0x09800000, 0x0f6a0000)
  eden space 62336K, 100% used [0x04c00000, 0x088e0000, 0x088e0000)
  from space 7744K,   5% used [0x088e0000, 0x08945310, 0x09070000)
  to   space 7744K,   0% used [0x09070000, 0x09070000, 0x09800000)
 tenured generation   total 155504K, used 95312K [0x0f6a0000, 0x18e7c000, 0x24c00000)
   the space 155504K,  61% used [0x0f6a0000, 0x153b40d8, 0x153b4200, 0x18e7c000)
 Metaspace       used 25384K, capacity 25892K, committed 26112K, reserved 27008K
Event: 134969.077 GC heap after
Heap after GC invocations=4734 (full 4):
 def new generation   total 70080K, used 370K [0x04c00000, 0x09800000, 0x0f6a0000)
  eden space 62336K,   0% used [0x04c00000, 0x04c00000, 0x088e0000)
  from space 7744K,   4% used [0x09070000, 0x090ccb90, 0x09800000)
  to   space 7744K,   0% used [0x088e0000, 0x088e0000, 0x09070000)
 tenured generation   total 155504K, used 95316K [0x0f6a0000, 0x18e7c000, 0x24c00000)
   the space 155504K,  61% used [0x0f6a0000, 0x153b5318, 0x153b5400, 0x18e7c000)
 Metaspace       used 25384K, capacity 25892K, committed 26112K, reserved 27008K
}
Event: 135571.183 GC heap before
{Heap before GC invocations=4734 (full 4):
 def new generation   total 70080K, used 62706K [0x04c00000, 0x09800000, 0x0f6a0000)
  eden space 62336K, 100% used [0x04c00000, 0x088e0000, 0x088e0000)
  from space 7744K,   4% used [0x09070000, 0x090ccb90, 0x09800000)
  to   space 7744K,   0% used [0x088e0000, 0x088e0000, 0x09070000)
 tenured generation   total 155504K, used 95316K [0x0f6a0000, 0x18e7c000, 0x24c00000)
   the space 155504K,  61% used [0x0f6a0000, 0x153b5318, 0x153b5400, 0x18e7c000)
 Metaspace       used 25384K, capacity 25892K, committed 26112K, reserved 27008K
Event: 135571.185 GC heap after
Heap after GC invocations=4735 (full 4):
 def new generation   total 70080K, used 695K [0x04c00000, 0x09800000, 0x0f6a0000)
  eden space 62336K,   0% used [0x04c00000, 0x04c00000, 0x088e0000)
  from space 7744K,   8% used [0x088e0000, 0x0898dc78, 0x09070000)
  to   space 7744K,   0% used [0x09070000, 0x09070000, 0x09800000)
 tenured generation   total 155504K, used 95321K [0x0f6a0000, 0x18e7c000, 0x24c00000)
   the space 155504K,  61% used [0x0f6a0000, 0x153b6718, 0x153b6800, 0x18e7c000)
 Metaspace       used 25384K, capacity 25892K, committed 26112K, reserved 27008K
}
Event: 136009.870 GC heap before
{Heap before GC invocations=4735 (full 4):
 def new generation   total 70080K, used 63031K [0x04c00000, 0x09800000, 0x0f6a0000)
  eden space 62336K, 100% used [0x04c00000, 0x088e0000, 0x088e0000)
  from space 7744K,   8% used [0x088e0000, 0x0898dc78, 0x09070000)
  to   space 7744K,   0% used [0x09070000, 0x09070000, 0x09800000)
 tenured generation   total 155504K, used 95321K [0x0f6a0000, 0x18e7c000, 0x24c00000)
   the space 155504K,  61% used [0x0f6a0000, 0x153b6718, 0x153b6800, 0x18e7c000)
 Metaspace       used 25384K, capacity 25892K, committed 26112K, reserved 27008K
Event: 136009.872 GC heap after
Heap after GC invocations=4736 (full 4):
 def new generation   total 70080K, used 668K [0x04c00000, 0x09800000, 0x0f6a0000)
  eden space 62336K,   0% used [0x04c00000, 0x04c00000, 0x088e0000)
  from space 7744K,   8% used [0x09070000, 0x09117010, 0x09800000)
  to   space 7744K,   0% used [0x088e0000, 0x088e0000, 0x09070000)
 tenured generation   total 155504K, used 95326K [0x0f6a0000, 0x18e7c000, 0x24c00000)
   the space 155504K,  61% used [0x0f6a0000, 0x153b7878, 0x153b7a00, 0x18e7c000)
 Metaspace       used 25384K, capacity 25892K, committed 26112K, reserved 27008K
}

