# JRE version: Java(TM) SE Runtime Environment (8.0_191-b12) (build 1.8.0_191-b12)
# Java VM: Java HotSpot(TM) Client VM (25.191-b12 mixed mode windows-x86 )
Heap:
 def new generation   total 65664K, used 1387K [0x04e00000, 0x09540000, 0x0f8a0000)
  eden space 58368K,   2% used [0x04e00000, 0x04f24068, 0x08700000)
  from space 7296K,   3% used [0x08700000, 0x08736e60, 0x08e20000)
  to   space 7296K,   0% used [0x08e20000, 0x08e20000, 0x09540000)
 tenured generation   total 145776K, used 71242K [0x0f8a0000, 0x186fc000, 0x24e00000)
   the space 145776K,  48% used [0x0f8a0000, 0x13e32b60, 0x13e32c00, 0x186fc000)
 Metaspace       used 25378K, capacity 25882K, committed 26112K, reserved 27008K
GC Heap History (10 events):
Event: 133899.168 GC heap before
{Heap before GC invocations=283 (full 4):
 def new generation   total 65664K, used 59021K [0x04e00000, 0x09540000, 0x0f8a0000)
  eden space 58368K, 100% used [0x04e00000, 0x08700000, 0x08700000)
  from space 7296K,   8% used [0x08e20000, 0x08ec36c0, 0x09540000)
  to   space 7296K,   0% used [0x08700000, 0x08700000, 0x08e20000)
 tenured generation   total 145776K, used 70737K [0x0f8a0000, 0x186fc000, 0x24e00000)
   the space 145776K,  48% used [0x0f8a0000, 0x13db4668, 0x13db4800, 0x186fc000)
 Metaspace       used 25378K, capacity 25882K, committed 26112K, reserved 27008K
Event: 133899.169 GC heap after
Heap after GC invocations=284 (full 4):
 def new generation   total 65664K, used 594K [0x04e00000, 0x09540000, 0x0f8a0000)
  eden space 58368K,   0% used [0x04e00000, 0x04e00000, 0x08700000)
  from space 7296K,   8% used [0x08700000, 0x087948f8, 0x08e20000)
  to   space 7296K,   0% used [0x08e20000, 0x08e20000, 0x09540000)
 tenured generation   total 145776K, used 70827K [0x0f8a0000, 0x186fc000, 0x24e00000)
   the space 145776K,  48% used [0x0f8a0000, 0x13dcaea0, 0x13dcb000, 0x186fc000)
 Metaspace       used 25378K, capacity 25882K, committed 26112K, reserved 27008K
}
Event: 134409.408 GC heap before
{Heap before GC invocations=284 (full 4):
 def new generation   total 65664K, used 58962K [0x04e00000, 0x09540000, 0x0f8a0000)
  eden space 58368K, 100% used [0x04e00000, 0x08700000, 0x08700000)
  from space 7296K,   8% used [0x08700000, 0x087948f8, 0x08e20000)
  to   space 7296K,   0% used [0x08e20000, 0x08e20000, 0x09540000)
 tenured generation   total 145776K, used 70827K [0x0f8a0000, 0x186fc000, 0x24e00000)
   the space 145776K,  48% used [0x0f8a0000, 0x13dcaea0, 0x13dcb000, 0x186fc000)
 Metaspace       used 25378K, capacity 25882K, committed 26112K, reserved 27008K
Event: 134409.410 GC heap after
Heap after GC invocations=285 (full 4):
 def new generation   total 65664K, used 604K [0x04e00000, 0x09540000, 0x0f8a0000)
  eden space 58368K,   0% used [0x04e00000, 0x04e00000, 0x08700000)
  from space 7296K,   8% used [0x08e20000, 0x08eb7270, 0x09540000)
  to   space 7296K,   0% used [0x08700000, 0x08700000, 0x08e20000)
 tenured generation   total 145776K, used 70840K [0x0f8a0000, 0x186fc000, 0x24e00000)
   the space 145776K,  48% used [0x0f8a0000, 0x13dce280, 0x13dce400, 0x186fc000)
 Metaspace       used 25378K, capacity 25882K, committed 26112K, reserved 27008K
}
Event: 135009.622 GC heap before
{Heap before GC invocations=285 (full 4):
 def new generation   total 65664K, used 58972K [0x04e00000, 0x09540000, 0x0f8a0000)
  eden space 58368K, 100% used [0x04e00000, 0x08700000, 0x08700000)
  from space 7296K,   8% used [0x08e20000, 0x08eb7270, 0x09540000)
  to   space 7296K,   0% used [0x08700000, 0x08700000, 0x08e20000)
 tenured generation   total 145776K, used 70840K [0x0f8a0000, 0x186fc000, 0x24e00000)
   the space 145776K,  48% used [0x0f8a0000, 0x13dce280, 0x13dce400, 0x186fc000)
 Metaspace       used 25378K, capacity 25882K, committed 26112K, reserved 27008K
Event: 135009.625 GC heap after
Heap after GC invocations=286 (full 4):
 def new generation   total 65664K, used 648K [0x04e00000, 0x09540000, 0x0f8a0000)
  eden space 58368K,   0% used [0x04e00000, 0x04e00000, 0x08700000)
  from space 7296K,   8% used [0x08700000, 0x087a23d8, 0x08e20000)
  to   space 7296K,   0% used [0x08e20000, 0x08e20000, 0x09540000)
 tenured generation   total 145776K, used 70848K [0x0f8a0000, 0x186fc000, 0x24e00000)
   the space 145776K,  48% used [0x0f8a0000, 0x13dd03f0, 0x13dd0400, 0x186fc000)
 Metaspace       used 25378K, capacity 25882K, committed 26112K, reserved 27008K
}
Event: 135463.190 GC heap before
{Heap before GC invocations=286 (full 4):
 def new generation   total 65664K, used 59016K [0x04e00000, 0x09540000, 0x0f8a0000)
  eden space 58368K, 100% used [0x04e00000, 0x08700000, 0x08700000)
  from space 7296K,   8% used [0x08700000, 0x087a23d8, 0x08e20000)
  to   space 7296K,   0% used [0x08e20000, 0x08e20000, 0x09540000)
 tenured generation   total 145776K, used 70848K [0x0f8a0000, 0x186fc000, 0x24e00000)
   the space 145776K,  48% used [0x0f8a0000, 0x13dd03f0, 0x13dd0400, 0x186fc000)
 Metaspace       used 25378K, capacity 25882K, committed 26112K, reserved 27008K
Event: 135463.192 GC heap after
Heap after GC invocations=287 (full 4):
 def new generation   total 65664K, used 610K [0x04e00000, 0x09540000, 0x0f8a0000)
  eden space 58368K,   0% used [0x04e00000, 0x04e00000, 0x08700000)
  from space 7296K,   8% used [0x08e20000, 0x08eb8968, 0x09540000)
  to   space 7296K,   0% used [0x08700000, 0x08700000, 0x08e20000)
 tenured generation   total 145776K, used 70857K [0x0f8a0000, 0x186fc000, 0x24e00000)
   the space 145776K,  48% used [0x0f8a0000, 0x13dd2560, 0x13dd2600, 0x186fc000)
 Metaspace       used 25378K, capacity 25882K, committed 26112K, reserved 27008K
}
Event: 136009.912 GC heap before
{Heap before GC invocations=287 (full 4):
 def new generation   total 65664K, used 58978K [0x04e00000, 0x09540000, 0x0f8a0000)
  eden space 58368K, 100% used [0x04e00000, 0x08700000, 0x08700000)
  from space 7296K,   8% used [0x08e20000, 0x08eb8968, 0x09540000)
  to   space 7296K,   0% used [0x08700000, 0x08700000, 0x08e20000)
 tenured generation   total 145776K, used 70857K [0x0f8a0000, 0x186fc000, 0x24e00000)
   the space 145776K,  48% used [0x0f8a0000, 0x13dd2560, 0x13dd2600, 0x186fc000)
 Metaspace       used 25378K, capacity 25882K, committed 26112K, reserved 27008K
Event: 136009.914 GC heap after
Heap after GC invocations=288 (full 4):
 def new generation   total 65664K, used 219K [0x04e00000, 0x09540000, 0x0f8a0000)
  eden space 58368K,   0% used [0x04e00000, 0x04e00000, 0x08700000)
  from space 7296K,   3% used [0x08700000, 0x08736e60, 0x08e20000)
  to   space 7296K,   0% used [0x08e20000, 0x08e20000, 0x09540000)
 tenured generation   total 145776K, used 71242K [0x0f8a0000, 0x186fc000, 0x24e00000)
   the space 145776K,  48% used [0x0f8a0000, 0x13e32b60, 0x13e32c00, 0x186fc000)
 Metaspace       used 25378K, capacity 25882K, committed 26112K, reserved 27008K
}

