# JRE version: Java(TM) SE Runtime Environment (8.0_191-b12) (build 1.8.0_191-b12)
# Java VM: Java HotSpot(TM) Client VM (25.191-b12 mixed mode windows-x86 )
Heap:
 def new generation   total 71552K, used 15412K [0x04a00000, 0x097a0000, 0x0f4a0000)
  eden space 63616K,  23% used [0x04a00000, 0x058636c8, 0x08820000)
  from space 7936K,   8% used [0x08fe0000, 0x09089af0, 0x097a0000)
  to   space 7936K,   0% used [0x08820000, 0x08820000, 0x08fe0000)
 tenured generation   total 158864K, used 83115K [0x0f4a0000, 0x18fc4000, 0x24a00000)
   the space 158864K,  52% used [0x0f4a0000, 0x145cac78, 0x145cae00, 0x18fc4000)
 Metaspace       used 25050K, capacity 25582K, committed 25728K, reserved 25984K
GC Heap History (10 events):
Event: 133846.324 GC heap before
{Heap before GC invocations=4664 (full 4):
 def new generation   total 71552K, used 63969K [0x04a00000, 0x097a0000, 0x0f4a0000)
  eden space 63616K, 100% used [0x04a00000, 0x08820000, 0x08820000)
  from space 7936K,   4% used [0x08820000, 0x088784b8, 0x08fe0000)
  to   space 7936K,   0% used [0x08fe0000, 0x08fe0000, 0x097a0000)
 tenured generation   total 158864K, used 83095K [0x0f4a0000, 0x18fc4000, 0x24a00000)
   the space 158864K,  52% used [0x0f4a0000, 0x145c5d78, 0x145c5e00, 0x18fc4000)
 Metaspace       used 25050K, capacity 25582K, committed 25728K, reserved 25984K
Event: 133846.325 GC heap after
Heap after GC invocations=4665 (full 4):
 def new generation   total 71552K, used 393K [0x04a00000, 0x097a0000, 0x0f4a0000)
  eden space 63616K,   0% used [0x04a00000, 0x04a00000, 0x08820000)
  from space 7936K,   4% used [0x08fe0000, 0x090425c0, 0x097a0000)
  to   space 7936K,   0% used [0x08820000, 0x08820000, 0x08fe0000)
 tenured generation   total 158864K, used 83098K [0x0f4a0000, 0x18fc4000, 0x24a00000)
   the space 158864K,  52% used [0x0f4a0000, 0x145c6af8, 0x145c6c00, 0x18fc4000)
 Metaspace       used 25050K, capacity 25582K, committed 25728K, reserved 25984K
}
Event: 134407.445 GC heap before
{Heap before GC invocations=4665 (full 4):
 def new generation   total 71552K, used 64009K [0x04a00000, 0x097a0000, 0x0f4a0000)
  eden space 63616K, 100% used [0x04a00000, 0x08820000, 0x08820000)
  from space 7936K,   4% used [0x08fe0000, 0x090425c0, 0x097a0000)
  to   space 7936K,   0% used [0x08820000, 0x08820000, 0x08fe0000)
 tenured generation   total 158864K, used 83098K [0x0f4a0000, 0x18fc4000, 0x24a00000)
   the space 158864K,  52% used [0x0f4a0000, 0x145c6af8, 0x145c6c00, 0x18fc4000)
 Metaspace       used 25050K, capacity 25582K, committed 25728K, reserved 25984K
Event: 134407.447 GC heap after
Heap after GC invocations=4666 (full 4):
 def new generation   total 71552K, used 349K [0x04a00000, 0x097a0000, 0x0f4a0000)
  eden space 63616K,   0% used [0x04a00000, 0x04a00000, 0x08820000)
  from space 7936K,   4% used [0x08820000, 0x08877528, 0x08fe0000)
  to   space 7936K,   0% used [0x08fe0000, 0x08fe0000, 0x097a0000)
 tenured generation   total 158864K, used 83101K [0x0f4a0000, 0x18fc4000, 0x24a00000)
   the space 158864K,  52% used [0x0f4a0000, 0x145c76f8, 0x145c7800, 0x18fc4000)
 Metaspace       used 25050K, capacity 25582K, committed 25728K, reserved 25984K
}
Event: 134958.199 GC heap before
{Heap before GC invocations=4666 (full 4):
 def new generation   total 71552K, used 63965K [0x04a00000, 0x097a0000, 0x0f4a0000)
  eden space 63616K, 100% used [0x04a00000, 0x08820000, 0x08820000)
  from space 7936K,   4% used [0x08820000, 0x08877528, 0x08fe0000)
  to   space 7936K,   0% used [0x08fe0000, 0x08fe0000, 0x097a0000)
 tenured generation   total 158864K, used 83101K [0x0f4a0000, 0x18fc4000, 0x24a00000)
   the space 158864K,  52% used [0x0f4a0000, 0x145c76f8, 0x145c7800, 0x18fc4000)
 Metaspace       used 25050K, capacity 25582K, committed 25728K, reserved 25984K
Event: 134958.201 GC heap after
Heap after GC invocations=4667 (full 4):
 def new generation   total 71552K, used 363K [0x04a00000, 0x097a0000, 0x0f4a0000)
  eden space 63616K,   0% used [0x04a00000, 0x04a00000, 0x08820000)
  from space 7936K,   4% used [0x08fe0000, 0x0903aea8, 0x097a0000)
  to   space 7936K,   0% used [0x08820000, 0x08820000, 0x08fe0000)
 tenured generation   total 158864K, used 83105K [0x0f4a0000, 0x18fc4000, 0x24a00000)
   the space 158864K,  52% used [0x0f4a0000, 0x145c86b8, 0x145c8800, 0x18fc4000)
 Metaspace       used 25050K, capacity 25582K, committed 25728K, reserved 25984K
}
Event: 135582.421 GC heap before
{Heap before GC invocations=4667 (full 4):
 def new generation   total 71552K, used 63979K [0x04a00000, 0x097a0000, 0x0f4a0000)
  eden space 63616K, 100% used [0x04a00000, 0x08820000, 0x08820000)
  from space 7936K,   4% used [0x08fe0000, 0x0903aea8, 0x097a0000)
  to   space 7936K,   0% used [0x08820000, 0x08820000, 0x08fe0000)
 tenured generation   total 158864K, used 83105K [0x0f4a0000, 0x18fc4000, 0x24a00000)
   the space 158864K,  52% used [0x0f4a0000, 0x145c86b8, 0x145c8800, 0x18fc4000)
 Metaspace       used 25050K, capacity 25582K, committed 25728K, reserved 25984K
Event: 135582.423 GC heap after
Heap after GC invocations=4668 (full 4):
 def new generation   total 71552K, used 411K [0x04a00000, 0x097a0000, 0x0f4a0000)
  eden space 63616K,   0% used [0x04a00000, 0x04a00000, 0x08820000)
  from space 7936K,   5% used [0x08820000, 0x08886c00, 0x08fe0000)
  to   space 7936K,   0% used [0x08fe0000, 0x08fe0000, 0x097a0000)
 tenured generation   total 158864K, used 83111K [0x0f4a0000, 0x18fc4000, 0x24a00000)
   the space 158864K,  52% used [0x0f4a0000, 0x145c9cf8, 0x145c9e00, 0x18fc4000)
 Metaspace       used 25050K, capacity 25582K, committed 25728K, reserved 25984K
}
Event: 135993.636 GC heap before
{Heap before GC invocations=4668 (full 4):
 def new generation   total 71552K, used 64027K [0x04a00000, 0x097a0000, 0x0f4a0000)
  eden space 63616K, 100% used [0x04a00000, 0x08820000, 0x08820000)
  from space 7936K,   5% used [0x08820000, 0x08886c00, 0x08fe0000)
  to   space 7936K,   0% used [0x08fe0000, 0x08fe0000, 0x097a0000)
 tenured generation   total 158864K, used 83111K [0x0f4a0000, 0x18fc4000, 0x24a00000)
   the space 158864K,  52% used [0x0f4a0000, 0x145c9cf8, 0x145c9e00, 0x18fc4000)
 Metaspace       used 25050K, capacity 25582K, committed 25728K, reserved 25984K
Event: 135993.638 GC heap after
Heap after GC invocations=4669 (full 4):
 def new generation   total 71552K, used 678K [0x04a00000, 0x097a0000, 0x0f4a0000)
  eden space 63616K,   0% used [0x04a00000, 0x04a00000, 0x08820000)
  from space 7936K,   8% used [0x08fe0000, 0x09089af0, 0x097a0000)
  to   space 7936K,   0% used [0x08820000, 0x08820000, 0x08fe0000)
 tenured generation   total 158864K, used 83115K [0x0f4a0000, 0x18fc4000, 0x24a00000)
   the space 158864K,  52% used [0x0f4a0000, 0x145cac78, 0x145cae00, 0x18fc4000)
 Metaspace       used 25050K, capacity 25582K, committed 25728K, reserved 25984K
}

