# JRE version: Java(TM) SE Runtime Environment (8.0_191-b12) (build 1.8.0_191-b12)
# Java VM: Java HotSpot(TM) Client VM (25.191-b12 mixed mode windows-x86 )
Heap:
 def new generation   total 68352K, used 52646K [0x04a00000, 0x09420000, 0x0f4a0000)
  eden space 60800K,  85% used [0x04a00000, 0x07c840e0, 0x08560000)
  from space 7552K,  12% used [0x08cc0000, 0x08da5740, 0x09420000)
  to   space 7552K,   0% used [0x08560000, 0x08560000, 0x08cc0000)
 tenured generation   total 151748K, used 66761K [0x0f4a0000, 0x188d1000, 0x24a00000)
   the space 151748K,  43% used [0x0f4a0000, 0x135d2488, 0x135d2600, 0x188d1000)
 Metaspace       used 25217K, capacity 25744K, committed 25856K, reserved 25984K
GC Heap History (10 events):
Event: 133432.647 GC heap before
{Heap before GC invocations=272 (full 4):
 def new generation   total 68352K, used 61371K [0x04a00000, 0x09420000, 0x0f4a0000)
  eden space 60800K, 100% used [0x04a00000, 0x08560000, 0x08560000)
  from space 7552K,   7% used [0x08560000, 0x085eef38, 0x08cc0000)
  to   space 7552K,   0% used [0x08cc0000, 0x08cc0000, 0x09420000)
 tenured generation   total 151748K, used 66714K [0x0f4a0000, 0x188d1000, 0x24a00000)
   the space 151748K,  43% used [0x0f4a0000, 0x135c6b88, 0x135c6c00, 0x188d1000)
 Metaspace       used 25217K, capacity 25744K, committed 25856K, reserved 25984K
Event: 133432.649 GC heap after
Heap after GC invocations=273 (full 4):
 def new generation   total 68352K, used 592K [0x04a00000, 0x09420000, 0x0f4a0000)
  eden space 60800K,   0% used [0x04a00000, 0x04a00000, 0x08560000)
  from space 7552K,   7% used [0x08cc0000, 0x08d54330, 0x09420000)
  to   space 7552K,   0% used [0x08560000, 0x08560000, 0x08cc0000)
 tenured generation   total 151748K, used 66722K [0x0f4a0000, 0x188d1000, 0x24a00000)
   the space 151748K,  43% used [0x0f4a0000, 0x135c89d8, 0x135c8a00, 0x188d1000)
 Metaspace       used 25217K, capacity 25744K, committed 25856K, reserved 25984K
}
Event: 134069.347 GC heap before
{Heap before GC invocations=273 (full 4):
 def new generation   total 68352K, used 61392K [0x04a00000, 0x09420000, 0x0f4a0000)
  eden space 60800K, 100% used [0x04a00000, 0x08560000, 0x08560000)
  from space 7552K,   7% used [0x08cc0000, 0x08d54330, 0x09420000)
  to   space 7552K,   0% used [0x08560000, 0x08560000, 0x08cc0000)
 tenured generation   total 151748K, used 66722K [0x0f4a0000, 0x188d1000, 0x24a00000)
   the space 151748K,  43% used [0x0f4a0000, 0x135c89d8, 0x135c8a00, 0x188d1000)
 Metaspace       used 25217K, capacity 25744K, committed 25856K, reserved 25984K
Event: 134069.348 GC heap after
Heap after GC invocations=274 (full 4):
 def new generation   total 68352K, used 578K [0x04a00000, 0x09420000, 0x0f4a0000)
  eden space 60800K,   0% used [0x04a00000, 0x04a00000, 0x08560000)
  from space 7552K,   7% used [0x08560000, 0x085f0bf8, 0x08cc0000)
  to   space 7552K,   0% used [0x08cc0000, 0x08cc0000, 0x09420000)
 tenured generation   total 151748K, used 66731K [0x0f4a0000, 0x188d1000, 0x24a00000)
   the space 151748K,  43% used [0x0f4a0000, 0x135cad28, 0x135cae00, 0x188d1000)
 Metaspace       used 25217K, capacity 25744K, committed 25856K, reserved 25984K
}
Event: 134639.751 GC heap before
{Heap before GC invocations=274 (full 4):
 def new generation   total 68352K, used 61378K [0x04a00000, 0x09420000, 0x0f4a0000)
  eden space 60800K, 100% used [0x04a00000, 0x08560000, 0x08560000)
  from space 7552K,   7% used [0x08560000, 0x085f0bf8, 0x08cc0000)
  to   space 7552K,   0% used [0x08cc0000, 0x08cc0000, 0x09420000)
 tenured generation   total 151748K, used 66731K [0x0f4a0000, 0x188d1000, 0x24a00000)
   the space 151748K,  43% used [0x0f4a0000, 0x135cad28, 0x135cae00, 0x188d1000)
 Metaspace       used 25217K, capacity 25744K, committed 25856K, reserved 25984K
Event: 134639.753 GC heap after
Heap after GC invocations=275 (full 4):
 def new generation   total 68352K, used 568K [0x04a00000, 0x09420000, 0x0f4a0000)
  eden space 60800K,   0% used [0x04a00000, 0x04a00000, 0x08560000)
  from space 7552K,   7% used [0x08cc0000, 0x08d4e270, 0x09420000)
  to   space 7552K,   0% used [0x08560000, 0x08560000, 0x08cc0000)
 tenured generation   total 151748K, used 66743K [0x0f4a0000, 0x188d1000, 0x24a00000)
   the space 151748K,  43% used [0x0f4a0000, 0x135cde38, 0x135ce000, 0x188d1000)
 Metaspace       used 25217K, capacity 25744K, committed 25856K, reserved 25984K
}
Event: 135156.966 GC heap before
{Heap before GC invocations=275 (full 4):
 def new generation   total 68352K, used 61368K [0x04a00000, 0x09420000, 0x0f4a0000)
  eden space 60800K, 100% used [0x04a00000, 0x08560000, 0x08560000)
  from space 7552K,   7% used [0x08cc0000, 0x08d4e270, 0x09420000)
  to   space 7552K,   0% used [0x08560000, 0x08560000, 0x08cc0000)
 tenured generation   total 151748K, used 66743K [0x0f4a0000, 0x188d1000, 0x24a00000)
   the space 151748K,  43% used [0x0f4a0000, 0x135cde38, 0x135ce000, 0x188d1000)
 Metaspace       used 25217K, capacity 25744K, committed 25856K, reserved 25984K
Event: 135156.967 GC heap after
Heap after GC invocations=276 (full 4):
 def new generation   total 68352K, used 905K [0x04a00000, 0x09420000, 0x0f4a0000)
  eden space 60800K,   0% used [0x04a00000, 0x04a00000, 0x08560000)
  from space 7552K,  11% used [0x08560000, 0x08642680, 0x08cc0000)
  to   space 7552K,   0% used [0x08cc0000, 0x08cc0000, 0x09420000)
 tenured generation   total 151748K, used 66752K [0x0f4a0000, 0x188d1000, 0x24a00000)
   the space 151748K,  43% used [0x0f4a0000, 0x135d0188, 0x135d0200, 0x188d1000)
 Metaspace       used 25217K, capacity 25744K, committed 25856K, reserved 25984K
}
Event: 135635.347 GC heap before
{Heap before GC invocations=276 (full 4):
 def new generation   total 68352K, used 61705K [0x04a00000, 0x09420000, 0x0f4a0000)
  eden space 60800K, 100% used [0x04a00000, 0x08560000, 0x08560000)
  from space 7552K,  11% used [0x08560000, 0x08642680, 0x08cc0000)
  to   space 7552K,   0% used [0x08cc0000, 0x08cc0000, 0x09420000)
 tenured generation   total 151748K, used 66752K [0x0f4a0000, 0x188d1000, 0x24a00000)
   the space 151748K,  43% used [0x0f4a0000, 0x135d0188, 0x135d0200, 0x188d1000)
 Metaspace       used 25217K, capacity 25744K, committed 25856K, reserved 25984K
Event: 135635.348 GC heap after
Heap after GC invocations=277 (full 4):
 def new generation   total 68352K, used 917K [0x04a00000, 0x09420000, 0x0f4a0000)
  eden space 60800K,   0% used [0x04a00000, 0x04a00000, 0x08560000)
  from space 7552K,  12% used [0x08cc0000, 0x08da5740, 0x09420000)
  to   space 7552K,   0% used [0x08560000, 0x08560000, 0x08cc0000)
 tenured generation   total 151748K, used 66761K [0x0f4a0000, 0x188d1000, 0x24a00000)
   the space 151748K,  43% used [0x0f4a0000, 0x135d2488, 0x135d2600, 0x188d1000)
 Metaspace       used 25217K, capacity 25744K, committed 25856K, reserved 25984K
}

